\BOOKMARK [0][-]{section*.1}{\376\377\000D\000e\000c\000l\000a\000r\000a\000t\000i\000o\000n\000\040\000o\000f\000\040\000A\000u\000t\000h\000o\000r\000s\000h\000i\000p}{}% 1
\BOOKMARK [0][-]{section*.2}{\376\377\000A\000b\000s\000t\000r\000a\000c\000t}{}% 2
\BOOKMARK [0][-]{section*.3}{\376\377\000A\000c\000k\000n\000o\000w\000l\000e\000d\000g\000e\000m\000e\000n\000t\000s}{}% 3
\BOOKMARK [0][-]{chapter.7}{\376\377\000I\000n\000t\000r\000o\000d\000u\000c\000t\000i\000o\000n}{}% 4
\BOOKMARK [1][-]{section.8}{\376\377\000B\000a\000c\000k\000g\000r\000o\000u\000n\000d}{chapter.7}% 5
\BOOKMARK [1][-]{section.9}{\376\377\000G\000l\000o\000b\000a\000l\000\040\000W\000e\000b\000s\000i\000t\000e\000\040\000d\000e\000s\000i\000g\000n}{chapter.7}% 6
\BOOKMARK [1][-]{section.10}{\376\377\000T\000e\000t\000r\000a\000\040\000P\000a\000k}{chapter.7}% 7
\BOOKMARK [1][-]{section.11}{\376\377\000L\000i\000m\000i\000t\000a\000t\000i\000o\000n\000s}{chapter.7}% 8
\BOOKMARK [1][-]{section.12}{\376\377\000P\000u\000r\000p\000o\000s\000e}{chapter.7}% 9
\BOOKMARK [1][-]{section.16}{\376\377\000s\000c\000o\000p\000e}{chapter.7}% 10
\BOOKMARK [0][-]{chapter.17}{\376\377\000T\000h\000e\000o\000r\000y}{}% 11
\BOOKMARK [1][-]{section.18}{\376\377\000C\000u\000l\000t\000u\000r\000a\000l\000\040\000d\000i\000f\000f\000e\000r\000e\000n\000c\000e\000s\000\040\000i\000n\000\040\000P\000e\000r\000c\000e\000p\000t\000i\000o\000n}{chapter.17}% 12
\BOOKMARK [1][-]{section.19}{\376\377\000U\000s\000e\000r\000\040\000C\000e\000n\000t\000r\000e\000d\000\040\000d\000e\000s\000i\000g\000n}{chapter.17}% 13
\BOOKMARK [1][-]{section.20}{\376\377\000U\000s\000a\000b\000i\000l\000i\000t\000y}{chapter.17}% 14
\BOOKMARK [1][-]{section.21}{\376\377\000U\000s\000e\000r\000\040\000E\000x\000p\000e\000r\000i\000e\000n\000c\000e}{chapter.17}% 15
\BOOKMARK [1][-]{section.22}{\376\377\000E\000l\000e\000m\000e\000n\000t\000s\000\040\000o\000f\000\040\000W\000e\000b\000\040\000D\000e\000s\000i\000g\000n}{chapter.17}% 16
\BOOKMARK [1][-]{section.23}{\376\377\000F\000-\000s\000h\000a\000p\000e\000d\000\040\000P\000a\000t\000t\000e\000r\000n}{chapter.17}% 17
\BOOKMARK [1][-]{section.24}{\376\377\000P\000e\000r\000c\000e\000p\000t\000i\000o\000n\000\040\000i\000n\000\040\000a\000s\000i\000a\000\040\000\050\000f\000-\000s\000h\000a\000p\000e\000d\000\040\000p\000a\000t\000t\000e\000r\000n\000.\000\051}{chapter.17}% 18
\BOOKMARK [1][-]{section.25}{\376\377\000N\000a\000t\000u\000r\000a\000l\000\040\000M\000a\000p\000p\000i\000n\000g}{chapter.17}% 19
\BOOKMARK [1][-]{section.26}{\376\377\000U\000s\000e\000r\000\040\000T\000e\000s\000t\000i\000n\000g}{chapter.17}% 20
\BOOKMARK [1][-]{section.27}{\376\377\000U\000s\000a\000b\000i\000l\000i\000t\000y\000\040\000M\000e\000t\000r\000i\000c\000s}{chapter.17}% 21
\BOOKMARK [2][-]{subsection.28}{\376\377\000P\000e\000r\000f\000o\000r\000m\000a\000n\000c\000e\000\040\000M\000e\000t\000r\000i\000c\000s}{section.27}% 22
\BOOKMARK [2][-]{subsection.29}{\376\377\000S\000e\000l\000f\000-\000R\000e\000p\000o\000r\000t\000e\000d\000\040\000M\000e\000t\000r\000i\000c\000s}{section.27}% 23
\BOOKMARK [1][-]{section.30}{\376\377\000U\000s\000a\000b\000i\000l\000i\000t\000y\000\040\000T\000e\000s\000t\000i\000n\000g}{chapter.17}% 24
\BOOKMARK [1][-]{section.31}{\376\377\000C\000o\000l\000o\000u\000r\000\040\000a\000n\000d\000\040\000C\000u\000l\000t\000u\000r\000e}{chapter.17}% 25
\BOOKMARK [1][-]{section.32}{\376\377\000T\000r\000e\000n\000d\000s}{chapter.17}% 26
\BOOKMARK [1][-]{section.33}{\376\377\000C\000u\000l\000t\000u\000r\000e\000\040\000a\000n\000d\000\040\000U\000s\000a\000b\000i\000l\000i\000t\000y}{chapter.17}% 27
\BOOKMARK [1][-]{section.34}{\376\377\000G\000r\000e\000a\000t\000\040\000F\000i\000r\000e\000w\000a\000l\000l\000\040\000o\000f\000\040\000C\000h\000i\000n\000a}{chapter.17}% 28
\BOOKMARK [1][-]{section.35}{\376\377\000A\000s\000y\000n\000c\000h\000r\000o\000n\000o\000u\000s}{chapter.17}% 29
\BOOKMARK [1][-]{section.36}{\376\377\000A\000W\000S\000\040\000-\000\040\000A\000m\000a\000z\000o\000n\000\040\000W\000e\000b\000\040\000S\000e\000r\000v\000i\000c\000e\000s}{chapter.17}% 30
\BOOKMARK [2][-]{subsection.37}{\376\377\000E\000C\0002}{section.36}% 31
\BOOKMARK [2][-]{subsection.38}{\376\377\000A\000u\000t\000o\000\040\000s\000c\000a\000l\000i\000n\000g}{section.36}% 32
\BOOKMARK [2][-]{subsection.39}{\376\377\000L\000o\000a\000d\000\040\000b\000a\000l\000a\000n\000c\000i\000n\000g}{section.36}% 33
\BOOKMARK [2][-]{subsection.40}{\376\377\000R\000D\000S}{section.36}% 34
\BOOKMARK [2][-]{subsection.41}{\376\377\000S\0003}{section.36}% 35
\BOOKMARK [2][-]{subsection.42}{\376\377\000E\000l\000a\000s\000t\000i\000c\000\040\000B\000e\000a\000n\000s\000t\000a\000l\000k}{section.36}% 36
\BOOKMARK [1][-]{section.43}{\376\377\000R\000e\000a\000c\000t\000-\000R\000e\000d\000u\000x}{chapter.17}% 37
\BOOKMARK [2][-]{subsection.44}{\376\377\000R\000e\000d\000u\000x\000-\000s\000a\000g\000a}{section.43}% 38
\BOOKMARK [1][-]{section.45}{\376\377\000M\000y\000S\000q\000l\000\040\000d\000a\000t\000a\000b\000a\000s\000e}{chapter.17}% 39
\BOOKMARK [1][-]{section.46}{\376\377\000A\000P\000I}{chapter.17}% 40
\BOOKMARK [1][-]{section.47}{\376\377\000S\000t\000a\000t\000i\000s\000t\000i\000c\000a\000l\000\040\000s\000i\000g\000n\000i\000f\000i\000c\000a\000n\000c\000e}{chapter.17}% 41
\BOOKMARK [1][-]{section.48}{\376\377\000T\000-\000p\000l\000o\000t\000\040\000\050\000w\000h\000a\000t\000e\000v\000e\000r\000\040\000i\000t\000'\000s\000\040\000c\000a\000l\000l\000e\000d\000\051}{chapter.17}% 42
\BOOKMARK [1][-]{section.49}{\376\377\000N\000u\000l\000l\000\040\000h\000y\000p\000o\000t\000h\000e\000s\000i\000s}{chapter.17}% 43
\BOOKMARK [1][-]{section.50}{\376\377\000P\000\040\000v\000a\000l\000u\000e}{chapter.17}% 44
\BOOKMARK [1][-]{section.51}{\376\377\000w\000a\000t\000e\000r\000f\000a\000l\000l}{chapter.17}% 45
\BOOKMARK [0][-]{chapter.52}{\376\377\000M\000e\000t\000h\000o\000d\000o\000l\000o\000g\000y}{}% 46
\BOOKMARK [1][-]{section.53}{\376\377\000S\000t\000r\000u\000c\000t\000u\000r\000e}{chapter.52}% 47
\BOOKMARK [0][-]{chapter.54}{\376\377\000P\000h\000a\000s\000e\000\040\0001\000\040\000-\000\040\000I\000n\000v\000e\000s\000t\000i\000g\000a\000t\000i\000o\000n}{}% 48
\BOOKMARK [1][-]{section.55}{\376\377\000M\000e\000t\000h\000o\000d}{chapter.54}% 49
\BOOKMARK [1][-]{section.56}{\376\377\000R\000e\000s\000u\000l\000t\000s}{chapter.54}% 50
\BOOKMARK [1][-]{section.57}{\376\377\000C\000h\000i\000n\000e\000s\000e\000\040\000v\000s\000\040\000W\000e\000s\000t\000e\000r\000n\000\040\000w\000e\000b\000s\000i\000t\000e\000s\000\040\000c\000o\000m\000p\000a\000r\000i\000s\000o\000n}{chapter.54}% 51
\BOOKMARK [2][-]{subsection.58}{\376\377\000Q\000Q}{section.57}% 52
\BOOKMARK [2][-]{subsection.61}{\376\377\000B\000B\000C}{section.57}% 53
\BOOKMARK [2][-]{subsection.62}{\376\377\000T\000a\000o\000b\000a\000o\000\040\000a\000n\000d\000\040\000E\000b\000a\000y}{section.57}% 54
\BOOKMARK [2][-]{subsection.67}{\376\377\000A\000n\000a\000l\000y\000s\000e\000s\000\040\000o\000f\000\040\000C\000t\000r\000i\000p}{section.57}% 55
\BOOKMARK [1][-]{section.70}{\376\377\000C\000o\000n\000c\000l\000u\000s\000i\000o\000n\000\040\000P\000h\000a\000s\000e\000\040\0001}{chapter.54}% 56
\BOOKMARK [2][-]{subsection.71}{\376\377\000C\000o\000m\000m\000o\000n\000\040\000C\000h\000i\000n\000e\000s\000e\000\040\000d\000e\000s\000i\000g\000n\000\040\000t\000h\000a\000t\000\040\000d\000i\000f\000f\000e\000r\000s\000\040\000f\000r\000o\000m\000\040\000w\000e\000s\000t\000e\000r\000n\000\040\000d\000e\000s\000i\000g\000n}{section.70}% 57
\BOOKMARK [0][-]{chapter.72}{\376\377\000P\000h\000a\000s\000e\000\040\0002\000\040\000-\000\040\000P\000r\000o\000t\000o\000t\000y\000p\000i\000n\000g}{}% 58
\BOOKMARK [1][-]{section.73}{\376\377\000M\000e\000t\000h\000o\000d}{chapter.72}% 59
\BOOKMARK [1][-]{section.74}{\376\377\000R\000e\000s\000u\000l\000t\000s}{chapter.72}% 60
\BOOKMARK [2][-]{subsection.75}{\376\377\000L\000o\000w\000-\000f\000i\000\040\000P\000r\000o\000t\000o\000t\000y\000p\000e}{section.74}% 61
\BOOKMARK [2][-]{subsection.76}{\376\377\000H\000i\000g\000h\000-\000f\000i\000\040\000P\000r\000o\000t\000o\000t\000y\000p\000e}{section.74}% 62
\BOOKMARK [2][-]{subsection.77}{\376\377\000S\000u\000s}{section.74}% 63
\BOOKMARK [1][-]{section.89}{\376\377\000D\000i\000s\000c\000u\000s\000s\000i\000o\000n}{chapter.72}% 64
\BOOKMARK [1][-]{section.90}{\376\377\000C\000o\000n\000c\000l\000u\000s\000i\000o\000n}{chapter.72}% 65
\BOOKMARK [0][-]{chapter.91}{\376\377\000P\000i\000l\000o\000t\000\040\000s\000t\000u\000d\000y}{}% 66
\BOOKMARK [1][-]{section.92}{\376\377\000M\000e\000t\000h\000o\000d}{chapter.91}% 67
\BOOKMARK [1][-]{section.93}{\376\377\000R\000e\000s\000u\000l\000t\000s}{chapter.91}% 68
\BOOKMARK [1][-]{section.119}{\376\377\000D\000i\000s\000c\000u\000s\000s\000i\000o\000n}{chapter.91}% 69
\BOOKMARK [1][-]{section.120}{\376\377\000C\000o\000n\000c\000l\000u\000s\000i\000o\000n}{chapter.91}% 70
\BOOKMARK [0][-]{chapter.121}{\376\377\000P\000h\000a\000s\000e\000\040\0003\000\040\000-\000\040\000B\000u\000i\000l\000d\000i\000n\000g\000\040\000t\000h\000e\000\040\000I\000n\000t\000e\000r\000f\000a\000c\000e\000s}{}% 71
\BOOKMARK [1][-]{section.122}{\376\377\000M\000e\000t\000h\000o\000d}{chapter.121}% 72
\BOOKMARK [2][-]{subsection.123}{\376\377\000F\000r\000o\000n\000t\000-\000E\000n\000d}{section.122}% 73
\BOOKMARK [3][-]{section*.124}{\376\377\000H\000o\000m\000e\000p\000a\000g\000e}{subsection.123}% 74
\BOOKMARK [3][-]{section*.127}{\376\377\000B\000B\000C\000\040\000a\000n\000d\000\040\000Q\000Q}{subsection.123}% 75
\BOOKMARK [3][-]{section*.131}{\376\377\000S\000U\000S}{subsection.123}% 76
\BOOKMARK [2][-]{subsection.134}{\376\377\000D\000a\000t\000a\000b\000a\000s\000e}{section.122}% 77
\BOOKMARK [2][-]{subsection.136}{\376\377\000A\000p\000i}{section.122}% 78
\BOOKMARK [2][-]{subsection.137}{\376\377\000H\000o\000s\000t\000i\000n\000g\000\040\000A\000W\000S}{section.122}% 79
\BOOKMARK [2][-]{subsection.138}{\376\377\000B\000e\000t\000a\000-\000t\000e\000s\000t\000s}{section.122}% 80
\BOOKMARK [2][-]{subsection.150}{\376\377\000L\000a\000u\000n\000c\000h}{section.122}% 81
\BOOKMARK [2][-]{subsection.151}{\376\377\000H\000o\000w\000\040\000t\000h\000e\000\040\000t\000e\000s\000t\000\040\000w\000a\000s\000\040\000c\000o\000n\000d\000u\000c\000t\000e\000d}{section.122}% 82
\BOOKMARK [1][-]{section.152}{\376\377\000R\000e\000s\000u\000l\000t\000s}{chapter.121}% 83
\BOOKMARK [1][-]{section.153}{\376\377\000D\000i\000s\000c\000u\000s\000s\000i\000o\000n}{chapter.121}% 84
\BOOKMARK [1][-]{section.160}{\376\377\000C\000o\000n\000c\000l\000u\000s\000i\000o\000n}{chapter.121}% 85
\BOOKMARK [0][-]{chapter.161}{\376\377\000P\000h\000a\000s\000e\000\040\0004\000\040\000-\000\040\000A\000n\000a\000l\000y\000z\000i\000n\000g\000\040\000D\000a\000t\000a}{}% 86
\BOOKMARK [1][-]{section.162}{\376\377\000M\000e\000t\000h\000o\000d}{chapter.161}% 87
\BOOKMARK [2][-]{subsection.163}{\376\377\000R\000e\000s\000u\000l\000t\000s}{section.162}% 88
\BOOKMARK [2][-]{subsection.164}{\376\377\000D\000i\000s\000c\000u\000s\000s\000i\000o\000n}{section.162}% 89
\BOOKMARK [1][-]{section.165}{\376\377\000C\000o\000n\000c\000l\000u\000s\000i\000o\000n}{chapter.161}% 90
\BOOKMARK [0][-]{chapter.166}{\376\377\000R\000e\000s\000u\000l\000t\000s}{}% 91
\BOOKMARK [1][-]{section.167}{\376\377\000M\000e\000a\000n\000i\000n\000g\000\040\000o\000f\000\040\000r\000e\000s\000u\000l\000t\000s}{chapter.166}% 92
\BOOKMARK [1][-]{section.168}{\376\377\000C\000o\000n\000d\000u\000c\000t\000i\000n\000g\000\040\000a\000\040\000n\000o\000n\000\040\000m\000o\000n\000i\000t\000o\000r\000e\000d\000\040\000t\000e\000s\000t}{chapter.166}% 93
\BOOKMARK [2][-]{subsection.169}{\376\377\000T\000h\000e\000\040\000g\000o\000o\000d}{section.168}% 94
\BOOKMARK [2][-]{subsection.170}{\376\377\000T\000h\000e\000\040\000B\000a\000d}{section.168}% 95
\BOOKMARK [2][-]{subsection.171}{\376\377\000S\000u\000b\000s\000e\000c\000t\000i\000o\000n\000\040\0002}{section.168}% 96
\BOOKMARK [1][-]{section.172}{\376\377\000M\000a\000i\000n\000\040\000S\000e\000c\000t\000i\000o\000n\000\040\0002}{chapter.166}% 97
\BOOKMARK [0][-]{chapter.173}{\376\377\000D\000i\000s\000c\000u\000s\000s\000i\000o\000n}{}% 98
\BOOKMARK [1][-]{subsection.174}{\376\377\000E\000m\000e\000r\000g\000i\000n\000g\000\040\000t\000r\000e\000n\000d\000s\000\040\000i\000n\000\040\000c\000h\000i\000n\000a}{chapter.173}% 99
\BOOKMARK [2][-]{subsection.175}{\376\377\000R\000e\000a\000s\000o\000n\000\040\000f\000o\000r\000\040\000d\000i\000f\000f\000e\000r\000e\000n\000c\000e\000s}{subsection.174}% 100
\BOOKMARK [1][-]{section.176}{\376\377\000L\000i\000m\000i\000t\000a\000t\000i\000o\000n\000s}{chapter.173}% 101
\BOOKMARK [1][-]{section.177}{\376\377\000F\000u\000t\000u\000r\000e\000\040\000w\000o\000r\000k}{chapter.173}% 102
\BOOKMARK [0][-]{chapter.178}{\376\377\000C\000o\000n\000c\000l\000u\000s\000i\000o\000n}{}% 103
\BOOKMARK [1][-]{subsection.179}{\376\377\000E\000m\000e\000r\000g\000i\000n\000g\000\040\000t\000r\000e\000n\000d\000s\000\040\000i\000n\000\040\000c\000h\000i\000n\000a}{chapter.178}% 104
\BOOKMARK [2][-]{subsection.180}{\376\377\000R\000e\000a\000s\000o\000n\000\040\000f\000o\000r\000\040\000d\000i\000f\000f\000e\000r\000e\000n\000c\000e\000s}{subsection.179}% 105
\BOOKMARK [1][-]{section.181}{\376\377\000L\000i\000m\000i\000t\000a\000t\000i\000o\000n\000s}{chapter.178}% 106
\BOOKMARK [1][-]{section.182}{\376\377\000F\000u\000t\000u\000r\000e\000\040\000w\000o\000r\000k}{chapter.178}% 107
\BOOKMARK [0][-]{appendix*.183}{\376\377\000B\000i\000b\000l\000i\000o\000g\000r\000a\000p\000h\000y}{}% 108
